# JRE version: OpenJDK Runtime Environment (8.0_121-b13) (build 1.8.0_121-b13)
# Java VM: OpenJDK 64-Bit Server VM (25.121-b13 mixed mode linux-amd64 compressed oops)
Heap:
 PSYoungGen      total 232960K, used 0K [0x00000000eab00000, 0x0000000100000000, 0x0000000100000000)
  eden space 116736K, 0% used [0x00000000eab00000,0x00000000eab00000,0x00000000f1d00000)
  from space 116224K, 0% used [0x00000000f1d00000,0x00000000f1d00000,0x00000000f8e80000)
  to   space 116224K, 0% used [0x00000000f8e80000,0x00000000f8e80000,0x0000000100000000)
 ParOldGen       total 349696K, used 241727K [0x00000000c0000000, 0x00000000d5580000, 0x00000000eab00000)
  object space 349696K, 69% used [0x00000000c0000000,0x00000000cec0ff40,0x00000000d5580000)
 Metaspace       used 6333K, capacity 6732K, committed 6912K, reserved 1056768K
  class space    used 613K, capacity 696K, committed 768K, reserved 1048576K
GC Heap History (10 events):
Event: 2,489 GC heap after
Heap after GC invocations=3 (full 0):
 PSYoungGen      total 284672K, used 21490K [0x00000000eab00000, 0x0000000100000000, 0x0000000100000000)
  eden space 263168K, 0% used [0x00000000eab00000,0x00000000eab00000,0x00000000fac00000)
  from space 21504K, 99% used [0x00000000fac00000,0x00000000fc0fcb00,0x00000000fc100000)
  to   space 21504K, 0% used [0x00000000feb00000,0x00000000feb00000,0x0000000100000000)
 ParOldGen       total 349696K, used 239938K [0x00000000c0000000, 0x00000000d5580000, 0x00000000eab00000)
  object space 349696K, 68% used [0x00000000c0000000,0x00000000cea50888,0x00000000d5580000)
 Metaspace       used 6028K, capacity 6540K, committed 6656K, reserved 1056768K
  class space    used 610K, capacity 696K, committed 768K, reserved 1048576K
}
Event: 3,588 GC heap before
{Heap before GC invocations=4 (full 0):
 PSYoungGen      total 284672K, used 284658K [0x00000000eab00000, 0x0000000100000000, 0x0000000100000000)
  eden space 263168K, 100% used [0x00000000eab00000,0x00000000fac00000,0x00000000fac00000)
  from space 21504K, 99% used [0x00000000fac00000,0x00000000fc0fcb00,0x00000000fc100000)
  to   space 21504K, 0% used [0x00000000feb00000,0x00000000feb00000,0x0000000100000000)
 ParOldGen       total 349696K, used 239938K [0x00000000c0000000, 0x00000000d5580000, 0x00000000eab00000)
  object space 349696K, 68% used [0x00000000c0000000,0x00000000cea50888,0x00000000d5580000)
 Metaspace       used 6309K, capacity 6732K, committed 6912K, reserved 1056768K
  class space    used 612K, capacity 696K, committed 768K, reserved 1048576K
Event: 3,646 GC heap after
Heap after GC invocations=4 (full 0):
 PSYoungGen      total 327680K, used 20295K [0x00000000eab00000, 0x0000000100000000, 0x0000000100000000)
  eden space 306176K, 0% used [0x00000000eab00000,0x00000000eab00000,0x00000000fd600000)
  from space 21504K, 94% used [0x00000000feb00000,0x00000000ffed1cd8,0x0000000100000000)
  to   space 21504K, 0% used [0x00000000fd600000,0x00000000fd600000,0x00000000feb00000)
 ParOldGen       total 349696K, used 239938K [0x00000000c0000000, 0x00000000d5580000, 0x00000000eab00000)
  object space 349696K, 68% used [0x00000000c0000000,0x00000000cea50888,0x00000000d5580000)
 Metaspace       used 6309K, capacity 6732K, committed 6912K, reserved 1056768K
  class space    used 612K, capacity 696K, committed 768K, reserved 1048576K
}
Event: 4,568 GC heap before
{Heap before GC invocations=5 (full 0):
 PSYoungGen      total 327680K, used 326471K [0x00000000eab00000, 0x0000000100000000, 0x0000000100000000)
  eden space 306176K, 100% used [0x00000000eab00000,0x00000000fd600000,0x00000000fd600000)
  from space 21504K, 94% used [0x00000000feb00000,0x00000000ffed1cd8,0x0000000100000000)
  to   space 21504K, 0% used [0x00000000fd600000,0x00000000fd600000,0x00000000feb00000)
 ParOldGen       total 349696K, used 239938K [0x00000000c0000000, 0x00000000d5580000, 0x00000000eab00000)
  object space 349696K, 68% used [0x00000000c0000000,0x00000000cea50888,0x00000000d5580000)
 Metaspace       used 6325K, capacity 6732K, committed 6912K, reserved 1056768K
  class space    used 613K, capacity 696K, committed 768K, reserved 1048576K
Event: 4,619 GC heap after
Heap after GC invocations=5 (full 0):
 PSYoungGen      total 327680K, used 21495K [0x00000000eab00000, 0x0000000100000000, 0x0000000100000000)
  eden space 306176K, 0% used [0x00000000eab00000,0x00000000eab00000,0x00000000fd600000)
  from space 21504K, 99% used [0x00000000fd600000,0x00000000feafdce8,0x00000000feb00000)
  to   space 21504K, 0% used [0x00000000feb00000,0x00000000feb00000,0x0000000100000000)
 ParOldGen       total 349696K, used 239954K [0x00000000c0000000, 0x00000000d5580000, 0x00000000eab00000)
  object space 349696K, 68% used [0x00000000c0000000,0x00000000cea54888,0x00000000d5580000)
 Metaspace       used 6325K, capacity 6732K, committed 6912K, reserved 1056768K
  class space    used 613K, capacity 696K, committed 768K, reserved 1048576K
}
Event: 6,012 GC heap before
{Heap before GC invocations=6 (full 0):
 PSYoungGen      total 327680K, used 327671K [0x00000000eab00000, 0x0000000100000000, 0x0000000100000000)
  eden space 306176K, 100% used [0x00000000eab00000,0x00000000fd600000,0x00000000fd600000)
  from space 21504K, 99% used [0x00000000fd600000,0x00000000feafdce8,0x00000000feb00000)
  to   space 21504K, 0% used [0x00000000feb00000,0x00000000feb00000,0x0000000100000000)
 ParOldGen       total 349696K, used 239954K [0x00000000c0000000, 0x00000000d5580000, 0x00000000eab00000)
  object space 349696K, 68% used [0x00000000c0000000,0x00000000cea54888,0x00000000d5580000)
 Metaspace       used 6333K, capacity 6732K, committed 6912K, reserved 1056768K
  class space    used 613K, capacity 696K, committed 768K, reserved 1048576K
Event: 6,101 GC heap after
Heap after GC invocations=6 (full 0):
 PSYoungGen      total 138240K, used 21490K [0x00000000eab00000, 0x0000000100000000, 0x0000000100000000)
  eden space 116736K, 0% used [0x00000000eab00000,0x00000000eab00000,0x00000000f1d00000)
  from space 21504K, 99% used [0x00000000feb00000,0x00000000ffffc920,0x0000000100000000)
  to   space 116224K, 0% used [0x00000000f1d00000,0x00000000f1d00000,0x00000000f8e80000)
 ParOldGen       total 349696K, used 250021K [0x00000000c0000000, 0x00000000d5580000, 0x00000000eab00000)
  object space 349696K, 71% used [0x00000000c0000000,0x00000000cf4297b8,0x00000000d5580000)
 Metaspace       used 6333K, capacity 6732K, committed 6912K, reserved 1056768K
  class space    used 613K, capacity 696K, committed 768K, reserved 1048576K
}
Event: 6,261 GC heap before
{Heap before GC invocations=7 (full 0):
 PSYoungGen      total 138240K, used 138226K [0x00000000eab00000, 0x0000000100000000, 0x0000000100000000)
  eden space 116736K, 100% used [0x00000000eab00000,0x00000000f1d00000,0x00000000f1d00000)
  from space 21504K, 99% used [0x00000000feb00000,0x00000000ffffc920,0x0000000100000000)
  to   space 116224K, 0% used [0x00000000f1d00000,0x00000000f1d00000,0x00000000f8e80000)
 ParOldGen       total 349696K, used 250021K [0x00000000c0000000, 0x00000000d5580000, 0x00000000eab00000)
  object space 349696K, 71% used [0x00000000c0000000,0x00000000cf4297b8,0x00000000d5580000)
 Metaspace       used 6333K, capacity 6732K, committed 6912K, reserved 1056768K
  class space    used 613K, capacity 696K, committed 768K, reserved 1048576K
Event: 6,339 GC heap after
Heap after GC invocations=7 (full 0):
 PSYoungGen      total 232960K, used 13106K [0x00000000eab00000, 0x0000000100000000, 0x0000000100000000)
  eden space 116736K, 0% used [0x00000000eab00000,0x00000000eab00000,0x00000000f1d00000)
  from space 116224K, 11% used [0x00000000f1d00000,0x00000000f29ccb00,0x00000000f8e80000)
  to   space 116224K, 0% used [0x00000000f8e80000,0x00000000f8e80000,0x0000000100000000)
 ParOldGen       total 349696K, used 250622K [0x00000000c0000000, 0x00000000d5580000, 0x00000000eab00000)
  object space 349696K, 71% used [0x00000000c0000000,0x00000000cf4bf828,0x00000000d5580000)
 Metaspace       used 6333K, capacity 6732K, committed 6912K, reserved 1056768K
  class space    used 613K, capacity 696K, committed 768K, reserved 1048576K
}
Event: 6,339 GC heap before
{Heap before GC invocations=8 (full 1):
 PSYoungGen      total 232960K, used 13106K [0x00000000eab00000, 0x0000000100000000, 0x0000000100000000)
  eden space 116736K, 0% used [0x00000000eab00000,0x00000000eab00000,0x00000000f1d00000)
  from space 116224K, 11% used [0x00000000f1d00000,0x00000000f29ccb00,0x00000000f8e80000)
  to   space 116224K, 0% used [0x00000000f8e80000,0x00000000f8e80000,0x0000000100000000)
 ParOldGen       total 349696K, used 250622K [0x00000000c0000000, 0x00000000d5580000, 0x00000000eab00000)
  object space 349696K, 71% used [0x00000000c0000000,0x00000000cf4bf828,0x00000000d5580000)
 Metaspace       used 6333K, capacity 6732K, committed 6912K, reserved 1056768K
  class space    used 613K, capacity 696K, committed 768K, reserved 1048576K

